
SQL*Loader: Release 12.1.0.1.0 - Production on Wed Oct 28 22:51:47 2015

Copyright (c) 1982, 2013, Oracle and/or its affiliates.  All rights reserved.

Control File:   prerequisite.ctl
Data File:      prerequisite.csv
  Bad File:     prerequisite.bad
  Discard File:  none specified
 
 (Allow all discards)

Number to load: ALL
Number to skip: 0
Errors allowed: 50
Bind array:     64 rows, maximum of 256000 bytes
Continuation:    none specified
Path used:      Conventional

Table PREREQUISITE, loaded from every logical record.
Insert option in effect for this table: APPEND
TRAILING NULLCOLS option in effect

   Column Name                  Position   Len  Term Encl Datatype
------------------------------ ---------- ----- ---- ---- ---------------------
COURSE_NUMBER                       FIRST     *   ,  O(") CHARACTER            
PREREQUISITE_NUMBER                  NEXT     *   ,  O(") CHARACTER            


Table PREREQUISITE:
  11 Rows successfully loaded.
  0 Rows not loaded due to data errors.
  0 Rows not loaded because all WHEN clauses were failed.
  0 Rows not loaded because all fields were null.


Space allocated for bind array:                  33024 bytes(64 rows)
Read   buffer bytes: 1048576

Total logical records skipped:          0
Total logical records read:            11
Total logical records rejected:         0
Total logical records discarded:        0

Run began on Wed Oct 28 22:51:47 2015
Run ended on Wed Oct 28 22:51:47 2015

Elapsed time was:     00:00:00.04
CPU time was:         00:00:00.01
